[Sun Nov 27 15:21:15 2022] Cannot connect to steam!
[Sun Nov 27 15:23:49 2022] Cannot connect to steam!
[Sun Nov 27 15:33:38 2022] Cannot connect to steam!
[Sun Nov 27 15:33:53 2022] Cannot connect to steam!
[Sun Nov 27 16:13:34 2022] Cannot connect to steam!
[Sun Nov 27 17:39:17 2022] Cannot connect to steam!
[Sun Nov 27 17:44:29 2022] Cannot connect to steam!
[Sun Nov 27 17:52:50 2022] Cannot connect to steam!
[Thu Dec  1 05:00:02 2022] Cannot connect to steam!
[Thu Dec  1 05:47:09 2022] Cannot connect to steam!
[Thu Dec  1 05:47:39 2022] Cannot connect to steam!
[Fri Dec  2 05:00:02 2022] Cannot connect to steam!
[Fri Dec  2 06:48:55 2022] Cannot connect to steam!
[Fri Dec  2 06:59:16 2022] Cannot connect to steam!
[Fri Dec  2 06:59:42 2022] Cannot connect to steam!
[Sun Dec  4 05:00:02 2022] Update.py -> detect workshop_maps.txt don't contain some maps, you may execute workshop_download 2686471745 first!
[Sun Dec  4 05:00:02 2022] Update.py -> detect workshop_maps.txt don't contain some maps, you may execute workshop_download 2686773230 first!
[Sun Dec  4 05:00:02 2022] Update.py -> detect workshop_maps.txt don't contain some maps, you may execute workshop_download 2674449771 first!
[Sun Dec  4 05:00:02 2022] Update.py -> detect workshop_maps.txt don't contain some maps, you may execute workshop_download 2631324765 first!
[Sun Dec  4 05:00:02 2022] Update.py -> detect workshop_maps.txt don't contain some maps, you may execute workshop_download 2385064091 first!
[Sun Dec  4 05:00:02 2022] Update.py -> detect workshop_maps.txt don't contain some maps, you may execute workshop_download 2575198277 first!
[Sun Dec  4 05:00:02 2022] Update.py -> detect workshop_maps.txt don't contain some maps, you may execute workshop_download 2383852757 first!
[Sun Dec  4 05:00:02 2022] Update.py -> detect workshop_maps.txt don't contain some maps, you may execute workshop_download 2461750364 first!
[Sun Dec  4 05:00:02 2022] Update.py -> detect workshop_maps.txt don't contain some maps, you may execute workshop_download 2534363727 first!
[Sun Dec  4 05:00:02 2022] Update.py -> detect workshop_maps.txt don't contain some maps, you may execute workshop_download 2637158798 first!
[Sun Dec  4 05:00:02 2022] Update.py -> detect workshop_maps.txt don't contain some maps, you may execute workshop_download 2628416254 first!
[Sun Dec  4 05:00:02 2022] Update.py -> detect workshop_maps.txt don't contain some maps, you may execute workshop_download 2631178789 first!
[Sun Dec  4 05:00:02 2022] Update.py -> detect workshop_maps.txt don't contain some maps, you may execute workshop_download 2489653968 first!
[Sun Dec  4 05:00:02 2022] Update.py -> detect workshop_maps.txt don't contain some maps, you may execute workshop_download 1480487685 first!
[Sun Dec  4 05:00:02 2022] Update.py -> detect workshop_maps.txt don't contain some maps, you may execute workshop_download 2463505770 first!
[Sun Dec  4 05:00:02 2022] Update.py -> detect workshop_maps.txt don't contain some maps, you may execute workshop_download 2461837269 first!
[Sun Dec  4 05:00:02 2022] Update.py -> detect workshop_maps.txt don't contain some maps, you may execute workshop_download 2703935354 first!
[Sun Dec  4 05:00:02 2022] Update.py -> detect workshop_maps.txt don't contain some maps, you may execute workshop_download 2618338736 first!
[Sun Dec  4 05:00:02 2022] Update.py -> detect workshop_maps.txt don't contain some maps, you may execute workshop_download 2364611068 first!
[Sun Dec  4 05:00:02 2022] Update.py -> detect workshop_maps.txt don't contain some maps, you may execute workshop_download 2500975865 first!
[Sun Dec  4 05:00:02 2022] Update.py -> detect workshop_maps.txt don't contain some maps, you may execute workshop_download 2398225038 first!
[Sun Dec  4 05:00:02 2022] Update.py -> detect workshop_maps.txt don't contain some maps, you may execute workshop_download 2463774669 first!
[Sun Dec  4 05:00:02 2022] Update.py -> detect workshop_maps.txt don't contain some maps, you may execute workshop_download 2616685442 first!
[Sun Dec  4 05:00:02 2022] Update.py -> detect workshop_maps.txt don't contain some maps, you may execute workshop_download 2500751142 first!
[Sun Dec  4 05:00:02 2022] Update.py -> detect workshop_maps.txt don't contain some maps, you may execute workshop_download 2544343737 first!
[Sun Dec  4 05:00:02 2022] Update.py -> detect workshop_maps.txt don't contain some maps, you may execute workshop_download 2535456804 first!
[Sun Dec  4 05:00:02 2022] Update.py -> detect workshop_maps.txt don't contain some maps, you may execute workshop_download 2500977933 first!
[Sun Dec  4 05:00:02 2022] Update.py -> detect workshop_maps.txt don't contain some maps, you may execute workshop_download 2500969190 first!
[Sun Dec  4 05:00:02 2022] Update.py -> detect workshop_maps.txt don't contain some maps, you may execute workshop_download 2462987049 first!
[Sun Dec  4 05:00:02 2022] Update.py -> detect workshop_maps.txt don't contain some maps, you may execute workshop_download 2500985542 first!
[Sun Dec  4 05:00:02 2022] Update.py -> detect workshop_maps.txt don't contain some maps, you may execute workshop_download 2500987070 first!
[Sun Dec  4 05:00:02 2022] Update.py -> detect workshop_maps.txt don't contain some maps, you may execute workshop_download 2518000778 first!
[Sun Dec  4 05:00:02 2022] Update.py -> detect workshop_maps.txt don't contain some maps, you may execute workshop_download 2376309789 first!
[Sun Dec  4 05:00:02 2022] Update.py -> detect workshop_maps.txt don't contain some maps, you may execute workshop_download 2563817536 first!
[Sun Dec  4 05:00:02 2022] Update.py -> detect workshop_maps.txt don't contain some maps, you may execute workshop_download 2519601988 first!
[Sun Dec  4 05:00:02 2022] Update.py -> detect workshop_maps.txt don't contain some maps, you may execute workshop_download 2480722981 first!
[Sun Dec  4 05:00:02 2022] Update.py -> detect workshop_maps.txt don't contain some maps, you may execute workshop_download 2443999830 first!
[Sun Dec  4 05:00:02 2022] Update.py -> detect workshop_maps.txt don't contain some maps, you may execute workshop_download 2525468262 first!
[Sun Dec  4 05:00:02 2022] Update.py -> detect workshop_maps.txt don't contain some maps, you may execute workshop_download 2593425026 first!
[Sun Dec  4 05:00:02 2022] Update.py -> detect workshop_maps.txt don't contain some maps, you may execute workshop_download 2518973289 first!
[Sun Dec  4 05:00:02 2022] Update.py -> detect workshop_maps.txt don't contain some maps, you may execute workshop_download 2365773703 first!
[Sun Dec  4 05:00:02 2022] Update.py -> detect workshop_maps.txt don't contain some maps, you may execute workshop_download 2363129042 first!
[Sun Dec  4 05:00:02 2022] Update.py -> detect workshop_maps.txt don't contain some maps, you may execute workshop_download 2567234367 first!
[Sun Dec  4 05:00:02 2022] Update.py -> detect workshop_maps.txt don't contain some maps, you may execute workshop_download 2366487486 first!
[Sun Dec  4 05:00:02 2022] Update.py -> detect workshop_maps.txt don't contain some maps, you may execute workshop_download 2476490455 first!
[Sun Dec  4 05:00:02 2022] Update.py -> detect workshop_maps.txt don't contain some maps, you may execute workshop_download 2409054428 first!
[Sun Dec  4 05:00:02 2022] Update.py -> detect workshop_maps.txt don't contain some maps, you may execute workshop_download 2705953920 first!
[Sun Dec  4 05:00:02 2022] Update.py -> detect workshop_maps.txt don't contain some maps, you may execute workshop_download 2519703052 first!
[Sun Dec  4 05:00:02 2022] Update.py -> detect workshop_maps.txt don't contain some maps, you may execute workshop_download 2384987751 first!
[Sun Dec  4 05:00:02 2022] Update.py -> detect workshop_maps.txt don't contain some maps, you may execute workshop_download 2561022709 first!
[Sun Dec  4 05:00:02 2022] Update.py -> detect workshop_maps.txt don't contain some maps, you may execute workshop_download 2437066469 first!
[Sun Dec  4 05:00:02 2022] Update.py -> detect workshop_maps.txt don't contain some maps, you may execute workshop_download 2635259005 first!
[Sun Dec  4 05:00:02 2022] Update.py -> detect workshop_maps.txt don't contain some maps, you may execute workshop_download 2714142694 first!
[Sun Dec  4 05:00:02 2022] Update.py -> detect workshop_maps.txt don't contain some maps, you may execute workshop_download 2721509665 first!
[Sun Dec  4 05:00:02 2022] Update.py -> detect workshop_maps.txt don't contain some maps, you may execute workshop_download 2717111052 first!
[Sun Dec  4 05:00:02 2022] Update.py -> detect workshop_maps.txt don't contain some maps, you may execute workshop_download 2722438185 first!
[Sun Dec  4 05:00:02 2022] Update.py -> detect workshop_maps.txt don't contain some maps, you may execute workshop_download 2722808252 first!
[Sun Dec  4 05:00:02 2022] Update.py -> detect workshop_maps.txt don't contain some maps, you may execute workshop_download 2722608343 first!
[Sun Dec  4 05:00:02 2022] Update.py -> detect workshop_maps.txt don't contain some maps, you may execute workshop_download 2722604522 first!
[Sun Dec  4 05:00:02 2022] Update.py -> detect workshop_maps.txt don't contain some maps, you may execute workshop_download 2722603148 first!
[Sun Dec  4 05:00:02 2022] Update.py -> detect workshop_maps.txt don't contain some maps, you may execute workshop_download 2722601368 first!
[Sun Dec  4 05:00:02 2022] Update.py -> detect workshop_maps.txt don't contain some maps, you may execute workshop_download 2728938191 first!
[Sun Dec  4 05:00:02 2022] Update.py -> detect workshop_maps.txt don't contain some maps, you may execute workshop_download 2480725274 first!
[Sun Dec  4 05:00:02 2022] Update.py -> detect workshop_maps.txt don't contain some maps, you may execute workshop_download 2736969507 first!
[Sun Dec  4 05:00:02 2022] Update.py -> detect workshop_maps.txt don't contain some maps, you may execute workshop_download 2739145673 first!
[Sun Dec  4 05:00:02 2022] Update.py -> detect workshop_maps.txt don't contain some maps, you may execute workshop_download 2742114937 first!
[Sun Dec  4 05:00:02 2022] Update.py -> detect workshop_maps.txt don't contain some maps, you may execute workshop_download 2747018816 first!
[Sun Dec  4 05:00:02 2022] Update.py -> detect workshop_maps.txt don't contain some maps, you may execute workshop_download 2746125833 first!
[Sun Dec  4 05:00:02 2022] Update.py -> detect workshop_maps.txt don't contain some maps, you may execute workshop_download 2746002557 first!
[Sun Dec  4 05:00:02 2022] Update.py -> detect workshop_maps.txt don't contain some maps, you may execute workshop_download 2745143461 first!
[Sun Dec  4 05:00:02 2022] Update.py -> detect workshop_maps.txt don't contain some maps, you may execute workshop_download 2746121323 first!
[Sun Dec  4 05:00:02 2022] Update.py -> detect workshop_maps.txt don't contain some maps, you may execute workshop_download 2749497931 first!
[Sun Dec  4 05:00:02 2022] Update.py -> detect workshop_maps.txt don't contain some maps, you may execute workshop_download 2762790494 first!
[Sun Dec  4 05:00:02 2022] Update.py -> detect workshop_maps.txt don't contain some maps, you may execute workshop_download 2763628200 first!
[Sun Dec  4 05:00:02 2022] Update.py -> detect workshop_maps.txt don't contain some maps, you may execute workshop_download 2782471019 first!
[Sun Dec  4 05:00:02 2022] Update.py -> detect workshop_maps.txt don't contain some maps, you may execute workshop_download 2781570750 first!
[Sun Dec  4 05:00:02 2022] Update.py -> detect workshop_maps.txt don't contain some maps, you may execute workshop_download 2778977815 first!
[Sun Dec  4 05:00:02 2022] Update.py -> detect workshop_maps.txt don't contain some maps, you may execute workshop_download 2783437516 first!
[Sun Dec  4 05:00:02 2022] Update.py -> detect workshop_maps.txt don't contain some maps, you may execute workshop_download 2785386518 first!
[Sun Dec  4 05:00:02 2022] Update.py -> detect workshop_maps.txt don't contain some maps, you may execute workshop_download 2786772061 first!
[Sun Dec  4 05:00:02 2022] Update.py -> detect workshop_maps.txt don't contain some maps, you may execute workshop_download 2792612759 first!
[Sun Dec  4 05:00:02 2022] Update.py -> detect workshop_maps.txt don't contain some maps, you may execute workshop_download 2800186817 first!
[Sun Dec  4 05:00:02 2022] Update.py -> detect workshop_maps.txt don't contain some maps, you may execute workshop_download 2811223292 first!
[Sun Dec  4 05:00:02 2022] Update.py -> detect workshop_maps.txt don't contain some maps, you may execute workshop_download 2807357170 first!
[Sun Dec  4 05:00:02 2022] Update.py -> detect workshop_maps.txt don't contain some maps, you may execute workshop_download 2789338794 first!
[Sun Dec  4 05:00:02 2022] Update.py -> detect workshop_maps.txt don't contain some maps, you may execute workshop_download 2789332550 first!
[Sun Dec  4 05:00:02 2022] Update.py -> detect workshop_maps.txt don't contain some maps, you may execute workshop_download 2789329649 first!
[Sun Dec  4 05:00:02 2022] Update.py -> detect workshop_maps.txt don't contain some maps, you may execute workshop_download 2789326534 first!
[Sun Dec  4 05:00:02 2022] Update.py -> detect workshop_maps.txt don't contain some maps, you may execute workshop_download 2784553461 first!
[Sun Dec  4 05:00:02 2022] Update.py -> detect workshop_maps.txt don't contain some maps, you may execute workshop_download 2778207465 first!
[Sun Dec  4 05:00:02 2022] Update.py -> detect workshop_maps.txt don't contain some maps, you may execute workshop_download 2812172669 first!
[Sun Dec  4 05:00:02 2022] Update.py -> detect workshop_maps.txt don't contain some maps, you may execute workshop_download 2813804894 first!
[Sun Dec  4 05:00:02 2022] Update.py -> detect workshop_maps.txt don't contain some maps, you may execute workshop_download 2816011639 first!
[Sun Dec  4 05:00:02 2022] Update.py -> detect workshop_maps.txt don't contain some maps, you may execute workshop_download 2820918098 first!
[Sun Dec  4 05:00:02 2022] Update.py -> detect workshop_maps.txt don't contain some maps, you may execute workshop_download 2826369103 first!
[Sun Dec  4 05:00:02 2022] Update.py -> detect workshop_maps.txt don't contain some maps, you may execute workshop_download 2829200193 first!
[Sun Dec  4 05:00:02 2022] Update.py -> detect workshop_maps.txt don't contain some maps, you may execute workshop_download 2832564545 first!
[Sun Dec  4 05:00:02 2022] Update.py -> detect workshop_maps.txt don't contain some maps, you may execute workshop_download 2832185460 first!
[Sun Dec  4 05:00:02 2022] Update.py -> detect workshop_maps.txt don't contain some maps, you may execute workshop_download 2462960013 first!
[Sun Dec  4 05:00:02 2022] Update.py -> detect workshop_maps.txt don't contain some maps, you may execute workshop_download 2834049390 first!
[Sun Dec  4 05:00:02 2022] Update.py -> detect workshop_maps.txt don't contain some maps, you may execute workshop_download 2834761303 first!
[Sun Dec  4 05:00:02 2022] Update.py -> detect workshop_maps.txt don't contain some maps, you may execute workshop_download 2837590456 first!
[Sun Dec  4 05:00:02 2022] Update.py -> detect workshop_maps.txt don't contain some maps, you may execute workshop_download 2843471810 first!
[Sun Dec  4 05:00:02 2022] Update.py -> detect workshop_maps.txt don't contain some maps, you may execute workshop_download 2845568458 first!
[Sun Dec  4 05:00:02 2022] Update.py -> detect workshop_maps.txt don't contain some maps, you may execute workshop_download 2850199460 first!
[Sun Dec  4 05:00:02 2022] Update.py -> detect workshop_maps.txt don't contain some maps, you may execute workshop_download 2852934383 first!
[Sun Dec  4 05:00:02 2022] Update.py -> detect workshop_maps.txt don't contain some maps, you may execute workshop_download 2852935698 first!
[Sun Dec  4 05:00:02 2022] Update.py -> detect workshop_maps.txt don't contain some maps, you may execute workshop_download 2855778294 first!
[Sun Dec  4 05:00:02 2022] Update.py -> detect workshop_maps.txt don't contain some maps, you may execute workshop_download 2854571244 first!
[Sun Dec  4 05:00:02 2022] Update.py -> detect workshop_maps.txt don't contain some maps, you may execute workshop_download 2859548107 first!
[Sun Dec  4 05:00:02 2022] Update.py -> detect workshop_maps.txt don't contain some maps, you may execute workshop_download 2866158108 first!
[Sun Dec  4 05:00:02 2022] Update.py -> detect workshop_maps.txt don't contain some maps, you may execute workshop_download 2873124575 first!
[Sun Dec  4 05:00:02 2022] Update.py -> detect workshop_maps.txt don't contain some maps, you may execute workshop_download 2873277841 first!
[Sun Dec  4 05:00:02 2022] Update.py -> detect workshop_maps.txt don't contain some maps, you may execute workshop_download 2877880414 first!
[Sun Dec  4 05:00:02 2022] Update.py -> detect workshop_maps.txt don't contain some maps, you may execute workshop_download 2877480612 first!
[Sun Dec  4 05:00:02 2022] Update.py -> detect workshop_maps.txt don't contain some maps, you may execute workshop_download 2874369856 first!
[Sun Dec  4 05:00:02 2022] Update.py -> detect workshop_maps.txt don't contain some maps, you may execute workshop_download 2883078703 first!
[Sun Dec  4 05:00:02 2022] Update.py -> detect workshop_maps.txt don't contain some maps, you may execute workshop_download 2883050694 first!
[Sun Dec  4 05:00:02 2022] Update.py -> detect workshop_maps.txt don't contain some maps, you may execute workshop_download 2890218542 first!
[Sun Dec  4 05:00:02 2022] Update.py -> detect workshop_maps.txt don't contain some maps, you may execute workshop_download 2893269099 first!
[Sun Dec  4 05:00:02 2022] Update.py -> detect workshop_maps.txt don't contain some maps, you may execute workshop_download 2895819143 first!
[Thu Dec  8 05:00:02 2022] Cannot connect to steam!
[Thu Dec  8 11:32:08 2022] Cannot connect to steam!
[Mon Dec 12 05:00:02 2022] Cannot connect to steam!
[Tue Dec 13 05:00:02 2022] Cannot connect to steam!
[Wed Dec 14 05:00:00 2022] Cannot connect to steam!
[Thu Dec 15 05:00:01 2022] Cannot connect to steam!
[Fri Dec 16 07:20:35 2022] Cannot connect to steam!
[Fri Dec 16 07:23:02 2022] Cannot connect to steam!
[Tue Dec 20 17:15:40 2022] Cannot connect to steam!
[Tue Jan  3 15:50:06 2023] Update.py -> detect workshop_maps.txt don't contain some maps, you may execute workshop_download 2911727593 first!
[Sun Jan  8 19:09:27 2023] Update.py -> detect workshop_maps.txt don't contain some maps, you may execute workshop_download 2914529122 first!
[Sun Jan 15 06:06:57 2023] Cannot connect to steam!
[Tue Jan 17 06:00:27 2023] Update.py -> detect workshop_maps.txt don't contain some maps, you may execute workshop_download 2918701251 first!
[Wed Jan 18 06:00:27 2023] Update.py -> detect workshop_maps.txt don't contain some maps, you may execute workshop_download 2918701251 first!
[Wed Jan 18 06:00:27 2023] Update.py -> detect workshop_maps.txt don't contain some maps, you may execute workshop_download 2918966803 first!
[Thu Jan 19 06:00:06 2023] Update.py -> detect workshop_maps.txt don't contain some maps, you may execute workshop_download 2918701251 first!
[Thu Jan 19 06:00:06 2023] Update.py -> detect workshop_maps.txt don't contain some maps, you may execute workshop_download 2918966803 first!
[Fri Jan 20 06:00:27 2023] Update.py -> detect workshop_maps.txt don't contain some maps, you may execute workshop_download 2918701251 first!
[Fri Jan 20 06:00:27 2023] Update.py -> detect workshop_maps.txt don't contain some maps, you may execute workshop_download 2918966803 first!
[Sat Jan 21 06:00:27 2023] Update.py -> detect workshop_maps.txt don't contain some maps, you may execute workshop_download 2918701251 first!
[Sat Jan 21 06:00:27 2023] Update.py -> detect workshop_maps.txt don't contain some maps, you may execute workshop_download 2918966803 first!
[Sun Jan 22 06:00:27 2023] Update.py -> detect workshop_maps.txt don't contain some maps, you may execute workshop_download 2918701251 first!
[Sun Jan 22 06:00:27 2023] Update.py -> detect workshop_maps.txt don't contain some maps, you may execute workshop_download 2918966803 first!
[Mon Jan 23 06:00:10 2023] Update.py -> detect workshop_maps.txt don't contain some maps, you may execute workshop_download 2918701251 first!
[Mon Jan 23 06:00:10 2023] Update.py -> detect workshop_maps.txt don't contain some maps, you may execute workshop_download 2918966803 first!
[Tue Jan 24 06:00:09 2023] Update.py -> detect workshop_maps.txt don't contain some maps, you may execute workshop_download 2918701251 first!
[Tue Jan 24 06:00:09 2023] Update.py -> detect workshop_maps.txt don't contain some maps, you may execute workshop_download 2918966803 first!
[Wed Jan 25 06:00:10 2023] Update.py -> detect workshop_maps.txt don't contain some maps, you may execute workshop_download 2918701251 first!
[Wed Jan 25 06:00:10 2023] Update.py -> detect workshop_maps.txt don't contain some maps, you may execute workshop_download 2918966803 first!
[Thu Jan 26 06:00:11 2023] Update.py -> detect workshop_maps.txt don't contain some maps, you may execute workshop_download 2918701251 first!
[Thu Jan 26 06:00:11 2023] Update.py -> detect workshop_maps.txt don't contain some maps, you may execute workshop_download 2918966803 first!
[Fri Jan 27 06:00:06 2023] Update.py -> detect workshop_maps.txt don't contain some maps, you may execute workshop_download 2918701251 first!
[Fri Jan 27 06:00:06 2023] Update.py -> detect workshop_maps.txt don't contain some maps, you may execute workshop_download 2918966803 first!
[Sun Jan 29 14:40:10 2023] Update.py -> detect workshop_maps.txt don't contain some maps, you may execute workshop_download 2918701251 first!
[Sun Jan 29 14:40:10 2023] Update.py -> detect workshop_maps.txt don't contain some maps, you may execute workshop_download 2918966803 first!
[Tue Jan 31 06:00:22 2023] Cannot connect to steam!
[Wed Feb  1 06:00:22 2023] Cannot connect to steam!
[Thu Feb  2 06:00:12 2023] Cannot connect to steam!
[Fri Feb  3 06:00:22 2023] Cannot connect to steam!
[Fri Feb  3 21:38:52 2023] Cannot connect to steam!
[Sat Feb  4 06:00:22 2023] Cannot connect to steam!
[Sun Feb  5 06:00:12 2023] Cannot connect to steam!
[Sun Feb  5 18:55:00 2023] Cannot connect to steam!
[Fri Feb 10 11:24:36 2023] Cannot connect to steam!
[Fri Feb 10 17:28:29 2023] Cannot connect to steam!
[Fri Feb 10 20:23:30 2023] Cannot connect to steam!
[Sat Feb 11 06:00:14 2023] Cannot connect to steam!
[Sun Feb 12 06:00:28 2023] Cannot connect to steam!
[Mon Feb 13 06:01:59 2023] Cannot connect to steam!
[Tue Feb 14 06:04:12 2023] Cannot connect to steam!
[Wed Feb 15 06:04:12 2023] Cannot connect to steam!
[Wed Feb 15 21:36:02 2023] Cannot connect to steam!
[Thu Feb 16 06:02:00 2023] Cannot connect to steam!
[Fri Feb 17 06:00:33 2023] Cannot connect to steam!
[Sat Feb 18 06:00:28 2023] Cannot connect to steam!
[Sun Feb 19 06:00:32 2023] Cannot connect to steam!
[Mon Feb 20 06:00:33 2023] Cannot connect to steam!
[Tue Feb 21 06:00:34 2023] Cannot connect to steam!
[Wed Feb 22 06:01:46 2023] Cannot connect to steam!
[Thu Feb 23 06:01:56 2023] Cannot connect to steam!
[Fri Feb 24 06:04:12 2023] Cannot connect to steam!
[Sat Feb 25 06:04:11 2023] Cannot connect to steam!
[Sun Feb 26 06:02:00 2023] Cannot connect to steam!
[Mon Feb 27 06:02:00 2023] Cannot connect to steam!
[Tue Feb 28 06:02:01 2023] Cannot connect to steam!
[Wed Mar  1 06:02:00 2023] Cannot connect to steam!
[Thu Mar  2 06:04:08 2023] Cannot connect to steam!
[Tue Mar 21 06:03:47 2023] Cannot connect to steam!
[Sat Apr 15 12:09:06 2023] Cannot connect to steam!
[Sat Apr 15 12:09:23 2023] Cannot connect to steam!
[Wed Apr 19 06:03:16 2023] Cannot connect to steam!
[Fri May  5 06:03:59 2023] Cannot connect to steam!
