"blank"				"=========================="
"blank"				"#Valve_Movement_Title"
"blank"				"=========================="
"+forward"			"#Valve_Move_Forward"
"+back"				"#Valve_Move_Back"
"+moveleft"			"#Valve_Move_Left"
"+moveright"		"#Valve_Move_Right"
"+speed"		   	"#NMRiH_Options_Sprint"
"+jump"				"#Valve_Jump"
"+duck"				"#Valve_Duck"
"blank"				"=========================="
"blank"				"#Valve_Combat_Title"
"blank"				"=========================="
"+attack"			"#Valve_Primary_Attack"
"+attack2"			"#Valve_Secondary_Attack"
"+shove"			"#NMRiH_Options_Shove"
"+reload"			"#NMRiH_Options_Reload"
"+unload"			"#NMRiH_Options_UnloadWeapon"
"+dropweapon"		"#NMRiH_Options_DropWeapon"
"+inventory"		"#NMRiH_Options_InventoryWeapons"
"+ammoinv"			"#NMRiH_Options_InventoryAmmo"
"invnext"			"#Valve_Next_Weapon"
"invprev"			"#Valve_Previous_Weapon"
"lastinv"			"#Valve_Last_Weapon_Used"
"holster"			"#NMRiH_Options_Holster"
"suicide"			"#NMRiH_Options_Suicide"
"+selectfire"		"#NMRiH_Options_SelectFire"
"blank"				"=========================="
"blank"				"#Valve_Communication_Title"
"blank"				"=========================="
"+voicecmd"			"#NMRiH_Options_VoiceCommands"
"+voicerecord"		"#Valve_Use_Voice_Communication"
"messagemode"		"#Valve_Chat_Message"
"blank"				"=========================="
"blank"				"#Valve_Miscellaneous_Title"
"blank"				"=========================="
"callvote"			"#NMRiH_Call_Vote"
"+compass"			"#NMRiH_Options_Compass"
"+showscores"		"#Valve_Display_Scores"
"+use"				"#Valve_Use_Items"
"+maglite"			"#Valve_Flashlight"
"showmotd"			"#NMRiH_Options_ShowMOTD"
"ds_record_toggle"	"#NMRiH_Options_RecordDemo"
"jpeg"				"#Valve_Take_Screen_Shot"
"quit"				"#Valve_Quit_Game"
"toggleconsole"		"#Valve_Console_Toggle"

