----------------------------------------------
CRASH: Sun Apr  2 08:56:26 PM CST 2023
Start Line: ./srcds_linux -debug -console -insecure -game nmrih -nocrashdialog -port 27018 -tickrate 100 +map nmo_broadway -autoupdate -steam_dir /home/clague/.local/share/Steam/steamcmd/ -steamcmd_script /home/clague/nmrih_update.txt +servercfgfile server_test.cfg +sv_pure -1 -insecure -high -noipx
End of Source crash report
----------------------------------------------
----------------------------------------------
CRASH: Sun Apr  2 09:09:27 PM CST 2023
Start Line: ./srcds_linux -debug -console -insecure -game nmrih -nocrashdialog -port 27018 -tickrate 100 +map nmo_broadway -autoupdate -steam_dir /home/clague/.local/share/Steam/steamcmd/ -steamcmd_script /home/clague/nmrih_update.txt +servercfgfile server_test.cfg +sv_pure -1 -insecure -high -noipx
End of Source crash report
----------------------------------------------
----------------------------------------------
CRASH: Sun Apr  2 09:13:50 PM CST 2023
Start Line: ./srcds_linux -debug -console -insecure -game nmrih -nocrashdialog -port 27018 -tickrate 100 +map nmo_broadway -autoupdate -steam_dir /home/clague/.local/share/Steam/steamcmd/ -steamcmd_script /home/clague/nmrih_update.txt +servercfgfile server_test.cfg +sv_pure -1 -insecure -high -noipx
End of Source crash report
----------------------------------------------
----------------------------------------------
CRASH: Sun Apr  2 09:25:45 PM CST 2023
Start Line: ./srcds_linux -debug -console -insecure -game nmrih -nocrashdialog -port 27018 -tickrate 100 +map nmo_broadway -autoupdate -steam_dir /home/clague/.local/share/Steam/steamcmd/ -steamcmd_script /home/clague/nmrih_update.txt +servercfgfile server_test.cfg +sv_pure -1 -insecure -high -noipx
End of Source crash report
----------------------------------------------
----------------------------------------------
CRASH: Thu Apr  6 06:47:16 PM CST 2023
Start Line: ./srcds_linux -debug -console -insecure -game nmrih -nocrashdialog -port 27018 -tickrate 100 +map nmo_broadway -autoupdate -steam_dir /home/clague/.local/share/Steam/steamcmd/ -steamcmd_script /home/clague/nmrih_update.txt +servercfgfile server_test.cfg +sv_pure -1 -insecure -high -noipx
End of Source crash report
----------------------------------------------
----------------------------------------------
CRASH: Sat Apr  8 02:50:41 PM CST 2023
Start Line: ./srcds_linux -debug -console -insecure -game nmrih -nocrashdialog -port 27018 -tickrate 100 +map nmo_broadway -autoupdate -steam_dir /home/clague/.local/share/Steam/steamcmd/ -steamcmd_script /home/clague/nmrih_update.txt +servercfgfile server_test.cfg +sv_pure -1 -insecure -high -noipx
End of Source crash report
----------------------------------------------
----------------------------------------------
CRASH: Sat Apr  8 02:53:42 PM CST 2023
Start Line: ./srcds_linux -debug -console -insecure -game nmrih -nocrashdialog -port 27018 -tickrate 100 +map nmo_broadway -autoupdate -steam_dir /home/clague/.local/share/Steam/steamcmd/ -steamcmd_script /home/clague/nmrih_update.txt +servercfgfile server_test.cfg +sv_pure -1 -insecure -high -noipx
End of Source crash report
----------------------------------------------
----------------------------------------------
CRASH: Sat Apr  8 03:02:12 PM CST 2023
Start Line: ./srcds_linux -debug -console -insecure -game nmrih -nocrashdialog -port 27018 -tickrate 100 +map nmo_broadway -autoupdate -steam_dir /home/clague/.local/share/Steam/steamcmd/ -steamcmd_script /home/clague/nmrih_update.txt +servercfgfile server_test.cfg +sv_pure -1 -insecure -high -noipx
End of Source crash report
----------------------------------------------
----------------------------------------------
CRASH: Sat Apr  8 03:05:03 PM CST 2023
Start Line: ./srcds_linux -debug -console -insecure -game nmrih -nocrashdialog -port 27018 -tickrate 100 +map nmo_broadway -autoupdate -steam_dir /home/clague/.local/share/Steam/steamcmd/ -steamcmd_script /home/clague/nmrih_update.txt +servercfgfile server_test.cfg +sv_pure -1 -insecure -high -noipx
End of Source crash report
----------------------------------------------
----------------------------------------------
CRASH: Sat Apr  8 03:39:19 PM CST 2023
Start Line: ./srcds_linux -debug -console -insecure -game nmrih -nocrashdialog -port 27018 -tickrate 100 +map nmo_broadway -autoupdate -steam_dir /home/clague/.local/share/Steam/steamcmd/ -steamcmd_script /home/clague/nmrih_update.txt +servercfgfile server_test.cfg +sv_pure -1 -insecure -high -noipx
End of Source crash report
----------------------------------------------
----------------------------------------------
CRASH: Sat Apr  8 03:42:39 PM CST 2023
Start Line: ./srcds_linux -debug -console -insecure -game nmrih -nocrashdialog -port 27018 -tickrate 100 +map nmo_broadway -autoupdate -steam_dir /home/clague/.local/share/Steam/steamcmd/ -steamcmd_script /home/clague/nmrih_update.txt +servercfgfile server_test.cfg +sv_pure -1 -insecure -high -noipx
End of Source crash report
----------------------------------------------
----------------------------------------------
CRASH: Sat Apr  8 03:55:35 PM CST 2023
Start Line: ./srcds_linux -debug -console -insecure -game nmrih -nocrashdialog -port 27018 -tickrate 100 +map nmo_broadway -autoupdate -steam_dir /home/clague/.local/share/Steam/steamcmd/ -steamcmd_script /home/clague/nmrih_update.txt +servercfgfile server_test.cfg +sv_pure -1 -insecure -high -noipx
End of Source crash report
----------------------------------------------
----------------------------------------------
CRASH: Sat Apr  8 04:59:11 PM CST 2023
Start Line: ./srcds_linux -debug -console -insecure -game nmrih -nocrashdialog -port 27018 -tickrate 100 +map nmo_broadway -autoupdate -steam_dir /home/clague/.local/share/Steam/steamcmd/ -steamcmd_script /home/clague/nmrih_update.txt +servercfgfile server_test.cfg +sv_pure -1 -insecure -high -noipx
End of Source crash report
----------------------------------------------
----------------------------------------------
CRASH: Sat Apr  8 05:22:08 PM CST 2023
Start Line: ./srcds_linux -debug -console -insecure -game nmrih -nocrashdialog -port 27018 -tickrate 100 +map nmo_broadway -autoupdate -steam_dir /home/clague/.local/share/Steam/steamcmd/ -steamcmd_script /home/clague/nmrih_update.txt +servercfgfile server_test.cfg +sv_pure -1 -insecure -high -noipx
End of Source crash report
----------------------------------------------
----------------------------------------------
CRASH: Sat Apr  8 05:25:05 PM CST 2023
Start Line: ./srcds_linux -debug -console -insecure -game nmrih -nocrashdialog -port 27018 -tickrate 100 +map nmo_broadway -autoupdate -steam_dir /home/clague/.local/share/Steam/steamcmd/ -steamcmd_script /home/clague/nmrih_update.txt +servercfgfile server_test.cfg +sv_pure -1 -insecure -high -noipx
End of Source crash report
----------------------------------------------
----------------------------------------------
CRASH: Sat Apr  8 05:29:47 PM CST 2023
Start Line: ./srcds_linux -debug -console -insecure -game nmrih -nocrashdialog -port 27018 -tickrate 100 +map nmo_broadway -autoupdate -steam_dir /home/clague/.local/share/Steam/steamcmd/ -steamcmd_script /home/clague/nmrih_update.txt +servercfgfile server_test.cfg +sv_pure -1 -insecure -high -noipx
End of Source crash report
----------------------------------------------
----------------------------------------------
CRASH: Sat Apr  8 05:59:30 PM CST 2023
Start Line: ./srcds_linux -debug -console -insecure -game nmrih -nocrashdialog -port 27018 -tickrate 100 +map nmo_broadway -autoupdate -steam_dir /home/clague/.local/share/Steam/steamcmd/ -steamcmd_script /home/clague/nmrih_update.txt +servercfgfile server_test.cfg +sv_pure -1 -insecure -high -noipx
End of Source crash report
----------------------------------------------
----------------------------------------------
CRASH: Sat Apr  8 06:02:49 PM CST 2023
Start Line: ./srcds_linux -debug -console -insecure -game nmrih -nocrashdialog -port 27018 -tickrate 100 +map nmo_broadway -autoupdate -steam_dir /home/clague/.local/share/Steam/steamcmd/ -steamcmd_script /home/clague/nmrih_update.txt +servercfgfile server_test.cfg +sv_pure -1 -insecure -high -noipx
End of Source crash report
----------------------------------------------
----------------------------------------------
CRASH: Sat Apr  8 06:05:43 PM CST 2023
Start Line: ./srcds_linux -debug -console -insecure -game nmrih -nocrashdialog -port 27018 -tickrate 100 +map nmo_broadway -autoupdate -steam_dir /home/clague/.local/share/Steam/steamcmd/ -steamcmd_script /home/clague/nmrih_update.txt +servercfgfile server_test.cfg +sv_pure -1 -insecure -high -noipx
End of Source crash report
----------------------------------------------
----------------------------------------------
CRASH: Sat Apr  8 06:09:57 PM CST 2023
Start Line: ./srcds_linux -debug -console -insecure -game nmrih -nocrashdialog -port 27018 -tickrate 100 +map nmo_broadway -autoupdate -steam_dir /home/clague/.local/share/Steam/steamcmd/ -steamcmd_script /home/clague/nmrih_update.txt +servercfgfile server_test.cfg +sv_pure -1 -insecure -high -noipx
End of Source crash report
----------------------------------------------
----------------------------------------------
CRASH: Sat Apr  8 06:13:03 PM CST 2023
Start Line: ./srcds_linux -debug -console -insecure -game nmrih -nocrashdialog -port 27018 -tickrate 100 +map nmo_broadway -autoupdate -steam_dir /home/clague/.local/share/Steam/steamcmd/ -steamcmd_script /home/clague/nmrih_update.txt +servercfgfile server_test.cfg +sv_pure -1 -insecure -high -noipx
End of Source crash report
----------------------------------------------
----------------------------------------------
CRASH: Sat Apr  8 06:17:29 PM CST 2023
Start Line: ./srcds_linux -debug -console -insecure -game nmrih -nocrashdialog -port 27018 -tickrate 100 +map nmo_broadway -autoupdate -steam_dir /home/clague/.local/share/Steam/steamcmd/ -steamcmd_script /home/clague/nmrih_update.txt +servercfgfile server_test.cfg +sv_pure -1 -insecure -high -noipx
End of Source crash report
----------------------------------------------
----------------------------------------------
CRASH: Sat Apr  8 06:20:27 PM CST 2023
Start Line: ./srcds_linux -debug -console -insecure -game nmrih -nocrashdialog -port 27018 -tickrate 100 +map nmo_broadway -autoupdate -steam_dir /home/clague/.local/share/Steam/steamcmd/ -steamcmd_script /home/clague/nmrih_update.txt +servercfgfile server_test.cfg +sv_pure -1 -insecure -high -noipx
End of Source crash report
----------------------------------------------
----------------------------------------------
CRASH: Sat Apr  8 06:23:28 PM CST 2023
Start Line: ./srcds_linux -debug -console -insecure -game nmrih -nocrashdialog -port 27018 -tickrate 100 +map nmo_broadway -autoupdate -steam_dir /home/clague/.local/share/Steam/steamcmd/ -steamcmd_script /home/clague/nmrih_update.txt +servercfgfile server_test.cfg +sv_pure -1 -insecure -high -noipx
End of Source crash report
----------------------------------------------
----------------------------------------------
CRASH: Sat Apr  8 06:27:55 PM CST 2023
Start Line: ./srcds_linux -debug -console -insecure -game nmrih -nocrashdialog -port 27018 -tickrate 100 +map nmo_broadway -autoupdate -steam_dir /home/clague/.local/share/Steam/steamcmd/ -steamcmd_script /home/clague/nmrih_update.txt +servercfgfile server_test.cfg +sv_pure -1 -insecure -high -noipx
End of Source crash report
----------------------------------------------
----------------------------------------------
CRASH: Sat Apr  8 06:37:00 PM CST 2023
Start Line: ./srcds_linux -debug -console -insecure -game nmrih -nocrashdialog -port 27018 -tickrate 100 +map nmo_broadway -autoupdate -steam_dir /home/clague/.local/share/Steam/steamcmd/ -steamcmd_script /home/clague/nmrih_update.txt +servercfgfile server_test.cfg +sv_pure -1 -insecure -high -noipx
End of Source crash report
----------------------------------------------
----------------------------------------------
CRASH: Sat Apr  8 06:39:43 PM CST 2023
Start Line: ./srcds_linux -debug -console -insecure -game nmrih -nocrashdialog -port 27018 -tickrate 100 +map nmo_broadway -autoupdate -steam_dir /home/clague/.local/share/Steam/steamcmd/ -steamcmd_script /home/clague/nmrih_update.txt +servercfgfile server_test.cfg +sv_pure -1 -insecure -high -noipx
End of Source crash report
----------------------------------------------
----------------------------------------------
CRASH: Sat Apr  8 06:44:03 PM CST 2023
Start Line: ./srcds_linux -debug -console -insecure -game nmrih -nocrashdialog -port 27018 -tickrate 100 +map nmo_broadway -autoupdate -steam_dir /home/clague/.local/share/Steam/steamcmd/ -steamcmd_script /home/clague/nmrih_update.txt +servercfgfile server_test.cfg +sv_pure -1 -insecure -high -noipx
End of Source crash report
----------------------------------------------
----------------------------------------------
CRASH: Sat Apr  8 06:47:54 PM CST 2023
Start Line: ./srcds_linux -debug -console -insecure -game nmrih -nocrashdialog -port 27018 -tickrate 100 +map nmo_broadway -autoupdate -steam_dir /home/clague/.local/share/Steam/steamcmd/ -steamcmd_script /home/clague/nmrih_update.txt +servercfgfile server_test.cfg +sv_pure -1 -insecure -high -noipx
End of Source crash report
----------------------------------------------
----------------------------------------------
CRASH: Sat Apr  8 06:51:36 PM CST 2023
Start Line: ./srcds_linux -debug -console -insecure -game nmrih -nocrashdialog -port 27018 -tickrate 100 +map nmo_broadway -autoupdate -steam_dir /home/clague/.local/share/Steam/steamcmd/ -steamcmd_script /home/clague/nmrih_update.txt +servercfgfile server_test.cfg +sv_pure -1 -insecure -high -noipx
End of Source crash report
----------------------------------------------
